<?xml version="1.0" encoding="UTF-8"?>
<!-- Generated by org.testng.reporters.JUnitReportReporter -->
<testsuite hostname="dell15z" name="com.rymarchik.tests.JobTests" tests="11" failures="0" timestamp="1 Jul 2016 15:56:23 GMT" time="6.760" errors="0">
  <testcase name="disableJobTest" time="0.658" classname="com.rymarchik.tests.JobTests"/>
  <testcase name="buildWithParamsTest" time="0.547" classname="com.rymarchik.tests.JobTests"/>
  <testcase name="deleteJobTest" time="0.640" classname="com.rymarchik.tests.JobTests"/>
  <testcase name="buildTest" time="0.637" classname="com.rymarchik.tests.JobTests"/>
  <testcase name="getJobConfigurationTest" time="0.610" classname="com.rymarchik.tests.JobTests"/>
  <testcase name="updateJobDescriptionTest" time="0.412" classname="com.rymarchik.tests.JobTests"/>
  <testcase name="createJobTest" time="0.988" classname="com.rymarchik.tests.JobTests"/>
  <testcase name="updateJobConfigurationTest" time="0.596" classname="com.rymarchik.tests.JobTests"/>
  <testcase name="copyJobTest" time="0.394" classname="com.rymarchik.tests.JobTests"/>
  <testcase name="enableJobTest" time="0.663" classname="com.rymarchik.tests.JobTests"/>
  <testcase name="getJobDescriptionTest" time="0.615" classname="com.rymarchik.tests.JobTests"/>
</testsuite> <!-- com.rymarchik.tests.JobTests -->
